Copyright 1986-2020 Xilinx, Inc. All Rights Reserved.
---------------------------------------------------------------------------------------------
| Tool Version : Vivado v.2020.2 (win64) Build 3064766 Wed Nov 18 09:12:45 MST 2020
| Date         : Sat Mar 29 13:54:29 2025
| Host         : LAPTOP-M2KA7OKE running 64-bit major release  (build 9200)
| Command      : report_control_sets -verbose -file dualCore_wrapper_control_sets_placed.rpt
| Design       : dualCore_wrapper
| Device       : xc7z020
---------------------------------------------------------------------------------------------

Control Set Information

Table of Contents
-----------------
1. Summary
2. Histogram
3. Flip-Flop Distribution
4. Detailed Control Set Information

1. Summary
----------

+----------------------------------------------------------+-------+
|                          Status                          | Count |
+----------------------------------------------------------+-------+
| Total control sets                                       |   191 |
|    Minimum number of control sets                        |   191 |
|    Addition due to synthesis replication                 |     0 |
|    Addition due to physical synthesis replication        |     0 |
| Unused register locations in slices containing registers |   777 |
+----------------------------------------------------------+-------+
* Control sets can be merged at opt_design using control_set_merge or merge_equivalent_drivers
** Run report_qor_suggestions for automated merging and remapping suggestions


2. Histogram
------------

+--------------------+-------+
|       Fanout       | Count |
+--------------------+-------+
| Total control sets |   191 |
| >= 0 to < 4        |    86 |
| >= 4 to < 6        |    28 |
| >= 6 to < 8        |    11 |
| >= 8 to < 10       |    23 |
| >= 10 to < 12      |     6 |
| >= 12 to < 14      |     7 |
| >= 14 to < 16      |     2 |
| >= 16              |    28 |
+--------------------+-------+
* Control sets can be remapped at either synth_design or opt_design


3. Flip-Flop Distribution
-------------------------

+--------------+-----------------------+------------------------+-----------------+--------------+
| Clock Enable | Synchronous Set/Reset | Asynchronous Set/Reset | Total Registers | Total Slices |
+--------------+-----------------------+------------------------+-----------------+--------------+
| No           | No                    | No                     |             528 |          177 |
| No           | No                    | Yes                    |             165 |           55 |
| No           | Yes                   | No                     |             250 |          121 |
| Yes          | No                    | No                     |             236 |           72 |
| Yes          | No                    | Yes                    |              87 |           17 |
| Yes          | Yes                   | No                     |             797 |          223 |
+--------------+-----------------------+------------------------+-----------------+--------------+


4. Detailed Control Set Information
-----------------------------------

+-------------------------------------------------+---------------------------------------------------------------------------------------------------------------------------------------------------------------------------------------+------------------------------------------------------------------------------------------------------------------------------------------------------------------------------+------------------+----------------+--------------+
|                   Clock Signal                  |                                                                                     Enable Signal                                                                                     |                                                                               Set/Reset Signal                                                                               | Slice Load Count | Bel Load Count | Bels / Slice |
+-------------------------------------------------+---------------------------------------------------------------------------------------------------------------------------------------------------------------------------------------+------------------------------------------------------------------------------------------------------------------------------------------------------------------------------+------------------+----------------+--------------+
|  dualCore_i/processing_system7_0/inst/FCLK_CLK0 |                                                                                                                                                                                       | dualCore_i/smartconnect_0/inst/m00_nodes/m00_ar_node/inst/s_sc_areset_pipe                                                                                                   |                1 |              1 |         1.00 |
|  dualCore_i/processing_system7_0/inst/FCLK_CLK0 |                                                                                                                                                                                       | dualCore_i/smartconnect_0/inst/switchboards/i_nodes/i_b_node/inst/s_sc_areset_pipe                                                                                           |                1 |              1 |         1.00 |
|  dualCore_i/processing_system7_0/inst/FCLK_CLK0 | dualCore_i/smartconnect_0/inst/switchboards/i_nodes/i_aw_node/inst/inst_si_handler/gen_m_axis_arb_fifo.inst_axis_arb_fifo/gen_srls[0].srl_nx1/shift                                   |                                                                                                                                                                              |                1 |              1 |         1.00 |
|  dualCore_i/processing_system7_0/inst/FCLK_CLK0 |                                                                                                                                                                                       | dualCore_i/smartconnect_0/inst/m04_nodes/m04_aw_node/inst/s_sc_areset_pipe                                                                                                   |                1 |              1 |         1.00 |
|  dualCore_i/processing_system7_0/inst/FCLK_CLK0 |                                                                                                                                                                                       | dualCore_i/smartconnect_0/inst/switchboards/i_nodes/i_r_node/inst/s_sc_areset_pipe                                                                                           |                1 |              1 |         1.00 |
|  dualCore_i/processing_system7_0/inst/FCLK_CLK0 |                                                                                                                                                                                       | dualCore_i/smartconnect_0/inst/m02_nodes/m02_w_node/inst/s_sc_areset_pipe                                                                                                    |                1 |              1 |         1.00 |
|  dualCore_i/processing_system7_0/inst/FCLK_CLK0 |                                                                                                                                                                                       | dualCore_i/axi_timer_0/U0/TC_CORE_I/TIMER_CONTROL_I/READ_DONE1_I_i_1_n_0                                                                                                     |                1 |              1 |         1.00 |
|  dualCore_i/processing_system7_0/inst/FCLK_CLK0 |                                                                                                                                                                                       | dualCore_i/axi_timer_0/U0/TC_CORE_I/TIMER_CONTROL_I/READ_DONE0_I_i_1_n_0                                                                                                     |                1 |              1 |         1.00 |
|  dualCore_i/processing_system7_0/inst/FCLK_CLK0 |                                                                                                                                                                                       | dualCore_i/smartconnect_0/inst/m00_nodes/m00_w_node/inst/s_sc_areset_pipe                                                                                                    |                1 |              1 |         1.00 |
|  dualCore_i/processing_system7_0/inst/FCLK_CLK0 |                                                                                                                                                                                       | dualCore_i/smartconnect_0/inst/m04_nodes/m04_b_node/inst/s_sc_areset_pipe                                                                                                    |                1 |              1 |         1.00 |
|  dualCore_i/processing_system7_0/inst/FCLK_CLK0 |                                                                                                                                                                                       | dualCore_i/smartconnect_0/inst/m01_nodes/m01_r_node/inst/s_sc_areset_pipe                                                                                                    |                1 |              1 |         1.00 |
|  dualCore_i/processing_system7_0/inst/FCLK_CLK0 |                                                                                                                                                                                       | dualCore_i/smartconnect_0/inst/m01_nodes/m01_w_node/inst/s_sc_areset_pipe                                                                                                    |                1 |              1 |         1.00 |
|  dualCore_i/processing_system7_0/inst/FCLK_CLK0 |                                                                                                                                                                                       | dualCore_i/smartconnect_0/inst/s00_nodes/s00_w_node/inst/s_sc_areset_pipe                                                                                                    |                1 |              1 |         1.00 |
|  dualCore_i/processing_system7_0/inst/FCLK_CLK0 |                                                                                                                                                                                       | dualCore_i/smartconnect_0/inst/m03_nodes/m03_b_node/inst/s_sc_areset_pipe                                                                                                    |                1 |              1 |         1.00 |
|  dualCore_i/processing_system7_0/inst/FCLK_CLK0 |                                                                                                                                                                                       | dualCore_i/smartconnect_0/inst/m01_nodes/m01_ar_node/inst/s_sc_areset_pipe                                                                                                   |                1 |              1 |         1.00 |
|  dualCore_i/processing_system7_0/inst/FCLK_CLK0 |                                                                                                                                                                                       | dualCore_i/smartconnect_0/inst/s00_nodes/s00_ar_node/inst/s_sc_areset_pipe                                                                                                   |                1 |              1 |         1.00 |
|  dualCore_i/processing_system7_0/inst/FCLK_CLK0 |                                                                                                                                                                                       | dualCore_i/smartconnect_0/inst/m03_nodes/m03_w_node/inst/s_sc_areset_pipe                                                                                                    |                1 |              1 |         1.00 |
|  dualCore_i/processing_system7_0/inst/FCLK_CLK0 |                                                                                                                                                                                       | dualCore_i/smartconnect_0/inst/m01_nodes/m01_aw_node/inst/s_sc_areset_pipe                                                                                                   |                1 |              1 |         1.00 |
|  dualCore_i/processing_system7_0/inst/FCLK_CLK0 |                                                                                                                                                                                       | dualCore_i/smartconnect_0/inst/s00_nodes/s00_aw_node/inst/s_sc_areset_pipe                                                                                                   |                1 |              1 |         1.00 |
|  dualCore_i/processing_system7_0/inst/FCLK_CLK0 |                                                                                                                                                                                       | dualCore_i/smartconnect_0/inst/m01_nodes/m01_b_node/inst/s_sc_areset_pipe                                                                                                    |                1 |              1 |         1.00 |
|  dualCore_i/processing_system7_0/inst/FCLK_CLK0 |                                                                                                                                                                                       | dualCore_i/smartconnect_0/inst/s00_nodes/s00_b_node/inst/s_sc_areset_pipe                                                                                                    |                1 |              1 |         1.00 |
|  dualCore_i/processing_system7_0/inst/FCLK_CLK0 |                                                                                                                                                                                       | dualCore_i/axi_timer_0/U0/AXI4_LITE_I/I_SLAVE_ATTACHMENT/I_DECODER/GEN_BKEND_CE_REGISTERS[4].ce_out_i_reg[4]_0                                                               |                1 |              1 |         1.00 |
|  dualCore_i/processing_system7_0/inst/FCLK_CLK0 |                                                                                                                                                                                       | dualCore_i/axi_timer_0/U0/AXI4_LITE_I/I_SLAVE_ATTACHMENT/I_DECODER/GEN_BKEND_CE_REGISTERS[0].ce_out_i_reg[0]_0                                                               |                1 |              1 |         1.00 |
|  dualCore_i/processing_system7_0/inst/FCLK_CLK0 |                                                                                                                                                                                       | dualCore_i/smartconnect_0/inst/switchboards/i_nodes/i_w_node/inst/s_sc_areset_pipe                                                                                           |                1 |              1 |         1.00 |
|  dualCore_i/processing_system7_0/inst/FCLK_CLK0 |                                                                                                                                                                                       | dualCore_i/smartconnect_0/inst/m00_nodes/m00_aw_node/inst/s_sc_areset_pipe                                                                                                   |                1 |              1 |         1.00 |
|  dualCore_i/processing_system7_0/inst/FCLK_CLK0 |                                                                                                                                                                                       | dualCore_i/smartconnect_0/inst/s00_nodes/s00_r_node/inst/s_sc_areset_pipe                                                                                                    |                1 |              1 |         1.00 |
|  dualCore_i/processing_system7_0/inst/FCLK_CLK0 |                                                                                                                                                                                       | dualCore_i/smartconnect_0/inst/m02_nodes/m02_ar_node/inst/s_sc_areset_pipe                                                                                                   |                1 |              1 |         1.00 |
|  dualCore_i/processing_system7_0/inst/FCLK_CLK0 |                                                                                                                                                                                       | dualCore_i/smartconnect_0/inst/m00_nodes/m00_r_node/inst/s_sc_areset_pipe                                                                                                    |                1 |              1 |         1.00 |
|  dualCore_i/processing_system7_0/inst/FCLK_CLK0 |                                                                                                                                                                                       | dualCore_i/smartconnect_0/inst/m03_nodes/m03_r_node/inst/s_sc_areset_pipe                                                                                                    |                1 |              1 |         1.00 |
|  dualCore_i/processing_system7_0/inst/FCLK_CLK0 |                                                                                                                                                                                       | dualCore_i/smartconnect_0/inst/m02_nodes/m02_aw_node/inst/s_sc_areset_pipe                                                                                                   |                1 |              1 |         1.00 |
|  dualCore_i/processing_system7_0/inst/FCLK_CLK0 |                                                                                                                                                                                       | dualCore_i/smartconnect_0/inst/m00_nodes/m00_b_node/inst/s_sc_areset_pipe                                                                                                    |                1 |              1 |         1.00 |
|  dualCore_i/processing_system7_0/inst/FCLK_CLK0 |                                                                                                                                                                                       | dualCore_i/smartconnect_0/inst/m04_nodes/m04_r_node/inst/s_sc_areset_pipe                                                                                                    |                1 |              1 |         1.00 |
|  dualCore_i/processing_system7_0/inst/FCLK_CLK0 |                                                                                                                                                                                       | dualCore_i/smartconnect_0/inst/m03_nodes/m03_ar_node/inst/s_sc_areset_pipe                                                                                                   |                1 |              1 |         1.00 |
|  dualCore_i/processing_system7_0/inst/FCLK_CLK0 |                                                                                                                                                                                       | dualCore_i/smartconnect_0/inst/m04_nodes/m04_w_node/inst/s_sc_areset_pipe                                                                                                    |                1 |              1 |         1.00 |
|  dualCore_i/processing_system7_0/inst/FCLK_CLK0 |                                                                                                                                                                                       | dualCore_i/smartconnect_0/inst/m03_nodes/m03_aw_node/inst/s_sc_areset_pipe                                                                                                   |                1 |              1 |         1.00 |
|  dualCore_i/processing_system7_0/inst/FCLK_CLK0 |                                                                                                                                                                                       | dualCore_i/smartconnect_0/inst/switchboards/i_nodes/i_ar_node/inst/s_sc_areset_pipe                                                                                          |                1 |              1 |         1.00 |
|  dualCore_i/processing_system7_0/inst/FCLK_CLK0 |                                                                                                                                                                                       | dualCore_i/smartconnect_0/inst/m04_nodes/m04_ar_node/inst/s_sc_areset_pipe                                                                                                   |                1 |              1 |         1.00 |
|  dualCore_i/processing_system7_0/inst/FCLK_CLK0 |                                                                                                                                                                                       | dualCore_i/smartconnect_0/inst/m02_nodes/m02_b_node/inst/s_sc_areset_pipe                                                                                                    |                1 |              1 |         1.00 |
|  dualCore_i/processing_system7_0/inst/FCLK_CLK0 |                                                                                                                                                                                       | dualCore_i/smartconnect_0/inst/switchboards/i_nodes/i_aw_node/inst/s_sc_areset_pipe                                                                                          |                1 |              1 |         1.00 |
|  dualCore_i/processing_system7_0/inst/FCLK_CLK0 |                                                                                                                                                                                       | dualCore_i/smartconnect_0/inst/m02_nodes/m02_r_node/inst/s_sc_areset_pipe                                                                                                    |                1 |              1 |         1.00 |
|  dualCore_i/processing_system7_0/inst/FCLK_CLK0 | dualCore_i/smartconnect_0/inst/switchboards/i_nodes/i_w_node/inst/inst_si_handler/gen_si_handler.gen_request_fifos.gen_req_fifo[0].inst_req_fifo/gen_xpm_memory_fifo.inst_fifo/wr_wea |                                                                                                                                                                              |                1 |              2 |         2.00 |
|  dualCore_i/clk_wiz_0/inst/clk_out1             |                                                                                                                                                                                       | dualCore_i/vga_controller_0/U0/fifo/U0/inst_fifo_gen/gconvfifo.rf/grf.rf/rstblk/ngwrdrst.grst.g7serrst.gnsckt_wrst.gic_rst.rst_rd_reg2_inst/arststages_ff[1]                 |                1 |              3 |         3.00 |
|  dualCore_i/processing_system7_0/inst/FCLK_CLK0 |                                                                                                                                                                                       | dualCore_i/smartconnect_0/inst/m03_nodes/m03_ar_node/inst/s_sc_xpm_cdc_async_rst_inst/reset_pol                                                                              |                1 |              3 |         3.00 |
|  dualCore_i/processing_system7_0/inst/FCLK_CLK0 |                                                                                                                                                                                       | dualCore_i/smartconnect_0/inst/m03_nodes/m03_aw_node/inst/s_sc_xpm_cdc_async_rst_inst/reset_pol                                                                              |                1 |              3 |         3.00 |
|  dualCore_i/processing_system7_0/inst/FCLK_CLK0 |                                                                                                                                                                                       | dualCore_i/smartconnect_0/inst/m03_nodes/m03_b_node/inst/s_sc_xpm_cdc_async_rst_inst/reset_pol                                                                               |                1 |              3 |         3.00 |
|  dualCore_i/processing_system7_0/inst/FCLK_CLK0 |                                                                                                                                                                                       | dualCore_i/smartconnect_0/inst/m03_nodes/m03_r_node/inst/s_sc_xpm_cdc_async_rst_inst/reset_pol                                                                               |                1 |              3 |         3.00 |
|  dualCore_i/processing_system7_0/inst/FCLK_CLK0 |                                                                                                                                                                                       | dualCore_i/smartconnect_0/inst/m02_exit_pipeline/m02_exit/inst/xpm_cdc_async_rst_inst/reset_pol                                                                              |                1 |              3 |         3.00 |
|  dualCore_i/processing_system7_0/inst/FCLK_CLK0 |                                                                                                                                                                                       | dualCore_i/smartconnect_0/inst/m02_nodes/m02_aw_node/inst/s_sc_xpm_cdc_async_rst_inst/reset_pol                                                                              |                1 |              3 |         3.00 |
|  dualCore_i/processing_system7_0/inst/FCLK_CLK0 |                                                                                                                                                                                       | dualCore_i/smartconnect_0/inst/m02_nodes/m02_b_node/inst/s_sc_xpm_cdc_async_rst_inst/reset_pol                                                                               |                1 |              3 |         3.00 |
|  dualCore_i/processing_system7_0/inst/FCLK_CLK0 |                                                                                                                                                                                       | dualCore_i/smartconnect_0/inst/m02_nodes/m02_r_node/inst/s_sc_xpm_cdc_async_rst_inst/reset_pol                                                                               |                1 |              3 |         3.00 |
|  dualCore_i/processing_system7_0/inst/FCLK_CLK0 |                                                                                                                                                                                       | dualCore_i/smartconnect_0/inst/m01_nodes/m01_w_node/inst/s_sc_xpm_cdc_async_rst_inst/reset_pol                                                                               |                1 |              3 |         3.00 |
|  dualCore_i/processing_system7_0/inst/FCLK_CLK0 |                                                                                                                                                                                       | dualCore_i/smartconnect_0/inst/m01_nodes/m01_ar_node/inst/s_sc_xpm_cdc_async_rst_inst/reset_pol                                                                              |                1 |              3 |         3.00 |
|  dualCore_i/processing_system7_0/inst/FCLK_CLK0 |                                                                                                                                                                                       | dualCore_i/smartconnect_0/inst/m02_nodes/m02_w_node/inst/s_sc_xpm_cdc_async_rst_inst/reset_pol                                                                               |                1 |              3 |         3.00 |
|  dualCore_i/processing_system7_0/inst/FCLK_CLK0 |                                                                                                                                                                                       | dualCore_i/smartconnect_0/inst/m01_nodes/m01_aw_node/inst/s_sc_xpm_cdc_async_rst_inst/reset_pol                                                                              |                1 |              3 |         3.00 |
|  dualCore_i/processing_system7_0/inst/FCLK_CLK0 |                                                                                                                                                                                       | dualCore_i/smartconnect_0/inst/m01_nodes/m01_b_node/inst/s_sc_xpm_cdc_async_rst_inst/reset_pol                                                                               |                1 |              3 |         3.00 |
|  dualCore_i/processing_system7_0/inst/FCLK_CLK0 |                                                                                                                                                                                       | dualCore_i/smartconnect_0/inst/m01_nodes/m01_r_node/inst/s_sc_xpm_cdc_async_rst_inst/reset_pol                                                                               |                1 |              3 |         3.00 |
|  dualCore_i/processing_system7_0/inst/FCLK_CLK0 |                                                                                                                                                                                       | dualCore_i/smartconnect_0/inst/m04_exit_pipeline/m04_exit/inst/xpm_cdc_async_rst_inst/reset_pol                                                                              |                1 |              3 |         3.00 |
|  dualCore_i/processing_system7_0/inst/FCLK_CLK0 |                                                                                                                                                                                       | dualCore_i/smartconnect_0/inst/m00_nodes/m00_ar_node/inst/s_sc_xpm_cdc_async_rst_inst/reset_pol                                                                              |                1 |              3 |         3.00 |
|  dualCore_i/processing_system7_0/inst/FCLK_CLK0 |                                                                                                                                                                                       | dualCore_i/smartconnect_0/inst/m00_nodes/m00_aw_node/inst/s_sc_xpm_cdc_async_rst_inst/reset_pol                                                                              |                1 |              3 |         3.00 |
|  dualCore_i/processing_system7_0/inst/FCLK_CLK0 |                                                                                                                                                                                       | dualCore_i/smartconnect_0/inst/m00_nodes/m00_b_node/inst/s_sc_xpm_cdc_async_rst_inst/reset_pol                                                                               |                1 |              3 |         3.00 |
|  dualCore_i/processing_system7_0/inst/FCLK_CLK0 |                                                                                                                                                                                       | dualCore_i/smartconnect_0/inst/m04_nodes/m04_b_node/inst/s_sc_xpm_cdc_async_rst_inst/reset_pol                                                                               |                1 |              3 |         3.00 |
|  dualCore_i/processing_system7_0/inst/FCLK_CLK0 |                                                                                                                                                                                       | dualCore_i/smartconnect_0/inst/m00_exit_pipeline/m00_exit/inst/xpm_cdc_async_rst_inst/reset_pol                                                                              |                1 |              3 |         3.00 |
|  dualCore_i/processing_system7_0/inst/FCLK_CLK0 |                                                                                                                                                                                       | dualCore_i/smartconnect_0/inst/m02_nodes/m02_ar_node/inst/s_sc_xpm_cdc_async_rst_inst/reset_pol                                                                              |                1 |              3 |         3.00 |
|  dualCore_i/processing_system7_0/inst/FCLK_CLK0 |                                                                                                                                                                                       | dualCore_i/smartconnect_0/inst/m03_exit_pipeline/m03_exit/inst/xpm_cdc_async_rst_inst/reset_pol                                                                              |                1 |              3 |         3.00 |
|  dualCore_i/processing_system7_0/inst/FCLK_CLK0 |                                                                                                                                                                                       | dualCore_i/vga_controller_0/U0/fifo/U0/inst_fifo_gen/gconvfifo.rf/grf.rf/rstblk/rst_d2                                                                                       |                1 |              3 |         3.00 |
|  dualCore_i/processing_system7_0/inst/FCLK_CLK0 |                                                                                                                                                                                       | dualCore_i/smartconnect_0/inst/m01_exit_pipeline/m01_exit/inst/xpm_cdc_async_rst_inst/reset_pol                                                                              |                1 |              3 |         3.00 |
|  dualCore_i/processing_system7_0/inst/FCLK_CLK0 |                                                                                                                                                                                       | dualCore_i/smartconnect_0/inst/switchboards/i_nodes/i_ar_node/inst/s_sc_xpm_cdc_async_rst_inst/reset_pol                                                                     |                1 |              3 |         3.00 |
|  dualCore_i/processing_system7_0/inst/FCLK_CLK0 |                                                                                                                                                                                       | dualCore_i/smartconnect_0/inst/m00_nodes/m00_r_node/inst/s_sc_xpm_cdc_async_rst_inst/reset_pol                                                                               |                1 |              3 |         3.00 |
|  dualCore_i/processing_system7_0/inst/FCLK_CLK0 |                                                                                                                                                                                       | dualCore_i/smartconnect_0/inst/m00_nodes/m00_w_node/inst/s_sc_xpm_cdc_async_rst_inst/reset_pol                                                                               |                1 |              3 |         3.00 |
|  dualCore_i/processing_system7_0/inst/FCLK_CLK0 |                                                                                                                                                                                       | dualCore_i/smartconnect_0/inst/switchboards/i_nodes/i_aw_node/inst/s_sc_xpm_cdc_async_rst_inst/reset_pol                                                                     |                1 |              3 |         3.00 |
|  dualCore_i/processing_system7_0/inst/FCLK_CLK0 |                                                                                                                                                                                       | dualCore_i/smartconnect_0/inst/switchboards/i_nodes/i_b_node/inst/s_sc_xpm_cdc_async_rst_inst/reset_pol                                                                      |                1 |              3 |         3.00 |
|  dualCore_i/processing_system7_0/inst/FCLK_CLK0 |                                                                                                                                                                                       | dualCore_i/smartconnect_0/inst/switchboards/i_nodes/i_r_node/inst/s_sc_xpm_cdc_async_rst_inst/reset_pol                                                                      |                1 |              3 |         3.00 |
|  dualCore_i/processing_system7_0/inst/FCLK_CLK0 |                                                                                                                                                                                       | dualCore_i/smartconnect_0/inst/switchboards/i_nodes/i_w_node/inst/s_sc_xpm_cdc_async_rst_inst/reset_pol                                                                      |                1 |              3 |         3.00 |
|  dualCore_i/processing_system7_0/inst/FCLK_CLK0 |                                                                                                                                                                                       | dualCore_i/smartconnect_0/inst/s00_nodes/s00_w_node/inst/s_sc_xpm_cdc_async_rst_inst/reset_pol                                                                               |                1 |              3 |         3.00 |
|  dualCore_i/processing_system7_0/inst/FCLK_CLK0 |                                                                                                                                                                                       | dualCore_i/smartconnect_0/inst/s00_nodes/s00_ar_node/inst/s_sc_xpm_cdc_async_rst_inst/reset_pol                                                                              |                1 |              3 |         3.00 |
|  dualCore_i/processing_system7_0/inst/FCLK_CLK0 |                                                                                                                                                                                       | dualCore_i/smartconnect_0/inst/s00_nodes/s00_aw_node/inst/s_sc_xpm_cdc_async_rst_inst/reset_pol                                                                              |                1 |              3 |         3.00 |
|  dualCore_i/processing_system7_0/inst/FCLK_CLK0 |                                                                                                                                                                                       | dualCore_i/smartconnect_0/inst/s00_nodes/s00_b_node/inst/s_sc_xpm_cdc_async_rst_inst/reset_pol                                                                               |                1 |              3 |         3.00 |
|  dualCore_i/processing_system7_0/inst/FCLK_CLK0 |                                                                                                                                                                                       | dualCore_i/smartconnect_0/inst/s00_nodes/s00_r_node/inst/s_sc_xpm_cdc_async_rst_inst/reset_pol                                                                               |                1 |              3 |         3.00 |
|  dualCore_i/processing_system7_0/inst/FCLK_CLK0 |                                                                                                                                                                                       | dualCore_i/smartconnect_0/inst/s00_entry_pipeline/s00_si_converter/inst/xpm_cdc_async_rst_inst/reset_pol                                                                     |                1 |              3 |         3.00 |
|  dualCore_i/processing_system7_0/inst/FCLK_CLK0 |                                                                                                                                                                                       | dualCore_i/smartconnect_0/inst/s00_entry_pipeline/s00_transaction_regulator/inst/xpm_cdc_async_rst_inst/reset_pol                                                            |                1 |              3 |         3.00 |
|  dualCore_i/processing_system7_0/inst/FCLK_CLK0 |                                                                                                                                                                                       | dualCore_i/smartconnect_0/inst/s00_entry_pipeline/s00_mmu/inst/xpm_cdc_async_rst_inst/reset_pol                                                                              |                1 |              3 |         3.00 |
|  dualCore_i/processing_system7_0/inst/FCLK_CLK0 |                                                                                                                                                                                       | dualCore_i/smartconnect_0/inst/m04_nodes/m04_w_node/inst/s_sc_xpm_cdc_async_rst_inst/reset_pol                                                                               |                1 |              3 |         3.00 |
|  dualCore_i/processing_system7_0/inst/FCLK_CLK0 |                                                                                                                                                                                       | dualCore_i/smartconnect_0/inst/m04_nodes/m04_r_node/inst/s_sc_xpm_cdc_async_rst_inst/reset_pol                                                                               |                1 |              3 |         3.00 |
|  dualCore_i/processing_system7_0/inst/FCLK_CLK0 |                                                                                                                                                                                       | dualCore_i/smartconnect_0/inst/m04_nodes/m04_ar_node/inst/s_sc_xpm_cdc_async_rst_inst/reset_pol                                                                              |                1 |              3 |         3.00 |
|  dualCore_i/processing_system7_0/inst/FCLK_CLK0 |                                                                                                                                                                                       | dualCore_i/smartconnect_0/inst/m04_nodes/m04_aw_node/inst/s_sc_xpm_cdc_async_rst_inst/reset_pol                                                                              |                1 |              3 |         3.00 |
|  dualCore_i/processing_system7_0/inst/FCLK_CLK0 |                                                                                                                                                                                       | dualCore_i/smartconnect_0/inst/m03_nodes/m03_w_node/inst/s_sc_xpm_cdc_async_rst_inst/reset_pol                                                                               |                1 |              3 |         3.00 |
|  dualCore_i/processing_system7_0/inst/FCLK_CLK0 |                                                                                                                                                                                       | dualCore_i/smartconnect_0/inst/switchboards/i_nodes/i_ar_node/inst/inst_si_handler/areset_r                                                                                  |                2 |              4 |         2.00 |
|  dualCore_i/processing_system7_0/inst/FCLK_CLK0 |                                                                                                                                                                                       | dualCore_i/axi_gpio_0/U0/AXI_LITE_IPIF_I/I_SLAVE_ATTACHMENT/clear                                                                                                            |                1 |              4 |         4.00 |
|  dualCore_i/processing_system7_0/inst/FCLK_CLK0 |                                                                                                                                                                                       | dualCore_i/zed_audio_ctrl_0/U0/AXI_LITE_IPIF_I/I_SLAVE_ATTACHMENT/dpto_cnt0                                                                                                  |                1 |              4 |         4.00 |
|  dualCore_i/processing_system7_0/inst/FCLK_CLK0 | dualCore_i/smartconnect_0/inst/switchboards/i_nodes/i_aw_node/inst/inst_si_handler/gen_m_axis_arb_fifo.inst_axis_arb_fifo/fifoaddr[3]_i_1_n_0                                         | dualCore_i/smartconnect_0/inst/switchboards/i_nodes/i_aw_node/inst/inst_si_handler/areset_r                                                                                  |                1 |              4 |         4.00 |
|  dualCore_i/processing_system7_0/inst/FCLK_CLK0 | dualCore_i/axi_timer_0/U0/AXI4_LITE_I/I_SLAVE_ATTACHMENT/bus2ip_addr_i[4]_i_1_n_0                                                                                                     | dualCore_i/axi_timer_0/U0/AXI4_LITE_I/I_SLAVE_ATTACHMENT/rst                                                                                                                 |                1 |              4 |         4.00 |
|  dualCore_i/processing_system7_0/inst/FCLK_CLK0 | dualCore_i/axi_timer_0/U0/AXI4_LITE_I/I_SLAVE_ATTACHMENT/I_DECODER/pair0_Select                                                                                                       | dualCore_i/axi_timer_0/U0/TC_CORE_I/GEN_SECOND_TIMER.COUNTER_1_I/COUNTER_I/s_axi_aresetn_0                                                                                   |                1 |              4 |         4.00 |
|  dualCore_i/processing_system7_0/inst/FCLK_CLK0 | dualCore_i/smartconnect_0/inst/s00_entry_pipeline/s00_mmu/inst/aw_reg_stall/m_vector_i[1136]_i_1__0_n_0                                                                               | dualCore_i/smartconnect_0/inst/s00_entry_pipeline/s00_mmu/inst/aw_reg_stall/m_vector_i[4]_i_1_n_0                                                                            |                2 |              4 |         2.00 |
|  dualCore_i/processing_system7_0/inst/FCLK_CLK0 | dualCore_i/axi_gpio_1/U0/AXI_LITE_IPIF_I/I_SLAVE_ATTACHMENT/start2                                                                                                                    | dualCore_i/axi_gpio_1/U0/AXI_LITE_IPIF_I/I_SLAVE_ATTACHMENT/I_DECODER/cs_ce_clr                                                                                              |                1 |              4 |         4.00 |
|  dualCore_i/processing_system7_0/inst/FCLK_CLK0 |                                                                                                                                                                                       | dualCore_i/rst_ps7_0_125M/U0/EXT_LPF/lpf_int                                                                                                                                 |                2 |              4 |         2.00 |
|  dualCore_i/processing_system7_0/inst/FCLK_CLK0 |                                                                                                                                                                                       | dualCore_i/smartconnect_0/inst/clk_map/psr_aclk/U0/EXT_LPF/lpf_int                                                                                                           |                1 |              4 |         4.00 |
|  dualCore_i/processing_system7_0/inst/FCLK_CLK0 | dualCore_i/axi_gpio_1/U0/AXI_LITE_IPIF_I/I_SLAVE_ATTACHMENT/bus2ip_addr_i[8]_i_1_n_0                                                                                                  | dualCore_i/axi_gpio_1/U0/AXI_LITE_IPIF_I/I_SLAVE_ATTACHMENT/SR[0]                                                                                                            |                1 |              4 |         4.00 |
|  dualCore_i/processing_system7_0/inst/FCLK_CLK0 |                                                                                                                                                                                       | dualCore_i/axi_gpio_1/U0/AXI_LITE_IPIF_I/I_SLAVE_ATTACHMENT/I_DECODER/bus2ip_rnw_i_reg                                                                                       |                1 |              4 |         4.00 |
|  dualCore_i/processing_system7_0/inst/FCLK_CLK0 | dualCore_i/axi_gpio_0/U0/AXI_LITE_IPIF_I/I_SLAVE_ATTACHMENT/start2                                                                                                                    | dualCore_i/axi_gpio_0/U0/AXI_LITE_IPIF_I/I_SLAVE_ATTACHMENT/I_DECODER/cs_ce_clr                                                                                              |                1 |              4 |         4.00 |
|  dualCore_i/processing_system7_0/inst/FCLK_CLK0 | dualCore_i/smartconnect_0/inst/s00_entry_pipeline/s00_mmu/inst/wroute_vacancy                                                                                                         | dualCore_i/smartconnect_0/inst/s00_entry_pipeline/s00_mmu/inst/gen_wroute_reg.wroute_i[4]_i_1_n_0                                                                            |                1 |              4 |         4.00 |
|  dualCore_i/processing_system7_0/inst/FCLK_CLK0 | dualCore_i/axi_gpio_0/U0/AXI_LITE_IPIF_I/I_SLAVE_ATTACHMENT/bus2ip_addr_i[8]_i_1_n_0                                                                                                  | dualCore_i/axi_gpio_0/U0/AXI_LITE_IPIF_I/I_SLAVE_ATTACHMENT/SR[0]                                                                                                            |                1 |              4 |         4.00 |
|  dualCore_i/processing_system7_0/inst/FCLK_CLK0 |                                                                                                                                                                                       | dualCore_i/axi_gpio_1/U0/AXI_LITE_IPIF_I/I_SLAVE_ATTACHMENT/clear                                                                                                            |                1 |              4 |         4.00 |
|  dualCore_i/clk_wiz_0/inst/clk_out1             |                                                                                                                                                                                       | dualCore_i/proc_sys_reset_0/U0/EXT_LPF/lpf_int                                                                                                                               |                4 |              5 |         1.25 |
|  dualCore_i/processing_system7_0/inst/FCLK_CLK0 | dualCore_i/zed_audio_ctrl_0/U0/USER_LOGIC_I/Inst_iis_deser/bit_rdy                                                                                                                    | dualCore_i/zed_audio_ctrl_0/U0/USER_LOGIC_I/Inst_iis_deser/bit_cntr[4]_i_1_n_0                                                                                               |                1 |              5 |         5.00 |
|  dualCore_i/processing_system7_0/inst/FCLK_CLK0 | dualCore_i/smartconnect_0/inst/s00_entry_pipeline/s00_si_converter/inst/gen_axilite_conv.axilite_conv_inst/m_axi_arid_i                                                               | dualCore_i/smartconnect_0/inst/s00_entry_pipeline/s00_si_converter/inst/areset                                                                                               |                2 |              5 |         2.50 |
|  dualCore_i/processing_system7_0/inst/FCLK_CLK0 | dualCore_i/smartconnect_0/inst/switchboards/i_nodes/i_b_node/inst/inst_mi_handler/gen_normal_area.gen_fi_regulator.inst_fi_regulator/allow_transfer                                   | dualCore_i/smartconnect_0/inst/switchboards/i_nodes/i_b_node/inst/inst_si_handler/gen_si_handler.gen_request_counters.gen_req_counter[2].inst_req_counter/is_zero_r_reg_1[0] |                1 |              5 |         5.00 |
|  dualCore_i/processing_system7_0/inst/FCLK_CLK0 | dualCore_i/axi_gpio_0/U0/AXI_LITE_IPIF_I/I_SLAVE_ATTACHMENT/I_DECODER/E[0]                                                                                                            | dualCore_i/axi_gpio_0/U0/AXI_LITE_IPIF_I/I_SLAVE_ATTACHMENT/SR[0]                                                                                                            |                1 |              5 |         5.00 |
|  dualCore_i/processing_system7_0/inst/FCLK_CLK0 |                                                                                                                                                                                       | dualCore_i/axi_gpio_0/U0/AXI_LITE_IPIF_I/I_SLAVE_ATTACHMENT/I_DECODER/bus2ip_rnw_i_reg                                                                                       |                2 |              5 |         2.50 |
|  dualCore_i/processing_system7_0/inst/FCLK_CLK0 | dualCore_i/smartconnect_0/inst/switchboards/i_nodes/i_r_node/inst/inst_si_handler/gen_si_handler.gen_request_counters.gen_req_counter[4].inst_req_counter/E[0]                        | dualCore_i/smartconnect_0/inst/switchboards/i_nodes/i_r_node/inst/inst_si_handler/areset_r                                                                                   |                2 |              5 |         2.50 |
|  dualCore_i/processing_system7_0/inst/FCLK_CLK0 | dualCore_i/smartconnect_0/inst/switchboards/i_nodes/i_b_node/inst/inst_si_handler/gen_si_handler.gen_request_counters.gen_req_counter[4].inst_req_counter/E[0]                        | dualCore_i/smartconnect_0/inst/switchboards/i_nodes/i_b_node/inst/inst_si_handler/areset_r                                                                                   |                2 |              5 |         2.50 |
|  dualCore_i/processing_system7_0/inst/FCLK_CLK0 | dualCore_i/smartconnect_0/inst/switchboards/i_nodes/i_r_node/inst/inst_mi_handler/gen_normal_area.gen_fi_regulator.inst_fi_regulator/allow_transfer                                   | dualCore_i/smartconnect_0/inst/switchboards/i_nodes/i_r_node/inst/inst_si_handler/gen_si_handler.gen_request_counters.gen_req_counter[2].inst_req_counter/is_zero_r_reg_1[0] |                1 |              5 |         5.00 |
|  dualCore_i/processing_system7_0/inst/FCLK_CLK0 | dualCore_i/zed_audio_ctrl_0/U0/USER_LOGIC_I/Inst_iis_deser/sclk_d1_reg_0[0]                                                                                                           | dualCore_i/zed_audio_ctrl_0/U0/USER_LOGIC_I/Inst_iis_ser/bit_cntr[4]_i_1__0_n_0                                                                                              |                2 |              5 |         2.50 |
|  dualCore_i/processing_system7_0/inst/FCLK_CLK0 | dualCore_i/zed_audio_ctrl_0/U0/AXI_LITE_IPIF_I/I_SLAVE_ATTACHMENT/I_DECODER/start                                                                                                     | dualCore_i/zed_audio_ctrl_0/U0/AXI_LITE_IPIF_I/I_SLAVE_ATTACHMENT/I_DECODER/cs_ce_clr                                                                                        |                2 |              5 |         2.50 |
|  dualCore_i/processing_system7_0/inst/FCLK_CLK0 | dualCore_i/zed_audio_ctrl_0/U0/USER_LOGIC_I/Inst_iis_ser/FSM_onehot_iis_state[4]_i_1_n_0                                                                                              |                                                                                                                                                                              |                2 |              5 |         2.50 |
|  dualCore_i/clk_wiz_0/inst/clk_out1             | dualCore_i/proc_sys_reset_0/U0/SEQ/seq_cnt_en                                                                                                                                         | dualCore_i/proc_sys_reset_0/U0/SEQ/SEQ_COUNTER/clear                                                                                                                         |                1 |              6 |         6.00 |
|  dualCore_i/processing_system7_0/inst/FCLK_CLK0 | dualCore_i/axi_gpio_0/U0/AXI_LITE_IPIF_I/I_SLAVE_ATTACHMENT/s_axi_rresp_i                                                                                                             | dualCore_i/axi_gpio_0/U0/AXI_LITE_IPIF_I/I_SLAVE_ATTACHMENT/SR[0]                                                                                                            |                1 |              6 |         6.00 |
|  dualCore_i/processing_system7_0/inst/FCLK_CLK0 |                                                                                                                                                                                       | dualCore_i/axi_timer_0/U0/AXI4_LITE_I/I_SLAVE_ATTACHMENT/INCLUDE_DPHASE_TIMER.dpto_cnt[5]_i_1_n_0                                                                            |                2 |              6 |         3.00 |
|  dualCore_i/processing_system7_0/inst/FCLK_CLK0 | dualCore_i/smartconnect_0/inst/s00_entry_pipeline/s00_si_converter/inst/gen_axilite_conv.axilite_conv_inst/ar_cnt[5]_i_1_n_0                                                          | dualCore_i/smartconnect_0/inst/s00_entry_pipeline/s00_si_converter/inst/areset                                                                                               |                3 |              6 |         2.00 |
|  dualCore_i/processing_system7_0/inst/FCLK_CLK0 | dualCore_i/smartconnect_0/inst/s00_nodes/s00_w_node/inst/inst_mi_handler/m_sc_req[0]                                                                                                  | dualCore_i/smartconnect_0/inst/switchboards/i_nodes/i_w_node/inst/inst_si_handler/areset_r                                                                                   |                2 |              6 |         3.00 |
|  dualCore_i/processing_system7_0/inst/FCLK_CLK0 | dualCore_i/rst_ps7_0_125M/U0/SEQ/seq_cnt_en                                                                                                                                           | dualCore_i/rst_ps7_0_125M/U0/SEQ/SEQ_COUNTER/clear                                                                                                                           |                1 |              6 |         6.00 |
|  dualCore_i/processing_system7_0/inst/FCLK_CLK0 | dualCore_i/smartconnect_0/inst/clk_map/psr_aclk/U0/SEQ/seq_cnt_en                                                                                                                     | dualCore_i/smartconnect_0/inst/clk_map/psr_aclk/U0/SEQ/SEQ_COUNTER/clear                                                                                                     |                1 |              6 |         6.00 |
|  dualCore_i/processing_system7_0/inst/FCLK_CLK0 |                                                                                                                                                                                       | dualCore_i/zed_audio_ctrl_0/U0/AXI_LITE_IPIF_I/I_SLAVE_ATTACHMENT/rst                                                                                                        |                3 |              6 |         2.00 |
|  dualCore_i/processing_system7_0/inst/FCLK_CLK0 | dualCore_i/axi_timer_0/U0/AXI4_LITE_I/I_SLAVE_ATTACHMENT/start2                                                                                                                       | dualCore_i/axi_timer_0/U0/AXI4_LITE_I/I_SLAVE_ATTACHMENT/I_DECODER/cs_ce_clr                                                                                                 |                3 |              7 |         2.33 |
|  dualCore_i/processing_system7_0/inst/FCLK_CLK0 | dualCore_i/smartconnect_0/inst/s00_entry_pipeline/s00_si_converter/inst/gen_axilite_conv.axilite_conv_inst/ar_addr_d[11]_i_1_n_0                                                      | dualCore_i/smartconnect_0/inst/s00_entry_pipeline/s00_si_converter/inst/areset                                                                                               |                2 |              7 |         3.50 |
|  dualCore_i/processing_system7_0/inst/FCLK_CLK0 | dualCore_i/zed_audio_ctrl_0/U0/USER_LOGIC_I/Inst_iis_deser/FSM_onehot_iis_state[6]_i_1_n_0                                                                                            |                                                                                                                                                                              |                2 |              7 |         3.50 |
|  dualCore_i/processing_system7_0/inst/FCLK_CLK0 | dualCore_i/axi_timer_0/U0/AXI4_LITE_I/I_SLAVE_ATTACHMENT/I_DECODER/bus2ip_wrce[0]                                                                                                     | dualCore_i/axi_timer_0/U0/TC_CORE_I/GEN_SECOND_TIMER.COUNTER_1_I/COUNTER_I/s_axi_aresetn_0                                                                                   |                1 |              8 |         8.00 |
|  dualCore_i/processing_system7_0/inst/FCLK_CLK0 |                                                                                                                                                                                       | dualCore_i/smartconnect_0/inst/switchboards/i_nodes/i_aw_node/inst/inst_si_handler/areset_r                                                                                  |                4 |              8 |         2.00 |
|  dualCore_i/processing_system7_0/inst/FCLK_CLK0 | dualCore_i/trng_0/U0/trng_v1_0_S00_AXI_inst/slv_reg0[23]_i_1_n_0                                                                                                                      | dualCore_i/trng_0/U0/trng_v1_0_S00_AXI_inst/axi_awready_i_1_n_0                                                                                                              |                1 |              8 |         8.00 |
|  dualCore_i/processing_system7_0/inst/FCLK_CLK0 | dualCore_i/trng_0/U0/trng_v1_0_S00_AXI_inst/slv_reg0[7]_i_1_n_0                                                                                                                       | dualCore_i/trng_0/U0/trng_v1_0_S00_AXI_inst/axi_awready_i_1_n_0                                                                                                              |                1 |              8 |         8.00 |
|  dualCore_i/processing_system7_0/inst/FCLK_CLK0 | dualCore_i/trng_0/U0/trng_v1_0_S00_AXI_inst/slv_reg0[31]_i_1_n_0                                                                                                                      | dualCore_i/trng_0/U0/trng_v1_0_S00_AXI_inst/axi_awready_i_1_n_0                                                                                                              |                1 |              8 |         8.00 |
|  dualCore_i/processing_system7_0/inst/FCLK_CLK0 | dualCore_i/trng_0/U0/trng_v1_0_S00_AXI_inst/slv_reg2[15]_i_1_n_0                                                                                                                      | dualCore_i/trng_0/U0/trng_v1_0_S00_AXI_inst/axi_awready_i_1_n_0                                                                                                              |                1 |              8 |         8.00 |
|  dualCore_i/processing_system7_0/inst/FCLK_CLK0 | dualCore_i/trng_0/U0/trng_v1_0_S00_AXI_inst/slv_reg0[15]_i_1_n_0                                                                                                                      | dualCore_i/trng_0/U0/trng_v1_0_S00_AXI_inst/axi_awready_i_1_n_0                                                                                                              |                1 |              8 |         8.00 |
|  dualCore_i/processing_system7_0/inst/FCLK_CLK0 | dualCore_i/trng_0/U0/trng_v1_0_S00_AXI_inst/slv_reg2[7]_i_1_n_0                                                                                                                       | dualCore_i/trng_0/U0/trng_v1_0_S00_AXI_inst/axi_awready_i_1_n_0                                                                                                              |                1 |              8 |         8.00 |
|  dualCore_i/processing_system7_0/inst/FCLK_CLK0 | dualCore_i/trng_0/U0/trng_v1_0_S00_AXI_inst/p_1_in[23]                                                                                                                                | dualCore_i/trng_0/U0/trng_v1_0_S00_AXI_inst/axi_awready_i_1_n_0                                                                                                              |                2 |              8 |         4.00 |
|  dualCore_i/processing_system7_0/inst/FCLK_CLK0 | dualCore_i/trng_0/U0/trng_v1_0_S00_AXI_inst/p_1_in[15]                                                                                                                                | dualCore_i/trng_0/U0/trng_v1_0_S00_AXI_inst/axi_awready_i_1_n_0                                                                                                              |                1 |              8 |         8.00 |
|  dualCore_i/processing_system7_0/inst/FCLK_CLK0 | dualCore_i/trng_0/U0/trng_v1_0_S00_AXI_inst/p_1_in[7]                                                                                                                                 | dualCore_i/trng_0/U0/trng_v1_0_S00_AXI_inst/axi_awready_i_1_n_0                                                                                                              |                1 |              8 |         8.00 |
|  dualCore_i/processing_system7_0/inst/FCLK_CLK0 | dualCore_i/trng_0/U0/trng_v1_0_S00_AXI_inst/p_1_in[31]                                                                                                                                | dualCore_i/trng_0/U0/trng_v1_0_S00_AXI_inst/axi_awready_i_1_n_0                                                                                                              |                1 |              8 |         8.00 |
|  dualCore_i/processing_system7_0/inst/FCLK_CLK0 | dualCore_i/trng_0/U0/trng_v1_0_S00_AXI_inst/slv_reg2[31]_i_1_n_0                                                                                                                      | dualCore_i/trng_0/U0/trng_v1_0_S00_AXI_inst/axi_awready_i_1_n_0                                                                                                              |                2 |              8 |         4.00 |
|  dualCore_i/processing_system7_0/inst/FCLK_CLK0 | dualCore_i/trng_0/U0/trng_v1_0_S00_AXI_inst/slv_reg2[23]_i_1_n_0                                                                                                                      | dualCore_i/trng_0/U0/trng_v1_0_S00_AXI_inst/axi_awready_i_1_n_0                                                                                                              |                1 |              8 |         8.00 |
|  dualCore_i/processing_system7_0/inst/FCLK_CLK0 | dualCore_i/smartconnect_0/inst/s00_entry_pipeline/s00_mmu/inst/gen_endpoint.decerr_slave_inst/gen_axi.gen_read.read_cnt[7]_i_1_n_0                                                    | dualCore_i/smartconnect_0/inst/s00_entry_pipeline/s00_mmu/inst/areset                                                                                                        |                3 |              8 |         2.67 |
|  dualCore_i/processing_system7_0/inst/FCLK_CLK0 | dualCore_i/smartconnect_0/inst/s00_entry_pipeline/s00_si_converter/inst/gen_axilite_conv.axilite_conv_inst/r_beats[7]_i_1_n_0                                                         | dualCore_i/smartconnect_0/inst/s00_entry_pipeline/s00_si_converter/inst/areset                                                                                               |                2 |              8 |         4.00 |
|  dualCore_i/processing_system7_0/inst/FCLK_CLK0 | dualCore_i/axi_timer_0/U0/AXI4_LITE_I/I_SLAVE_ATTACHMENT/I_DECODER/bus2ip_wrce[1]                                                                                                     | dualCore_i/axi_timer_0/U0/TC_CORE_I/GEN_SECOND_TIMER.COUNTER_1_I/COUNTER_I/s_axi_aresetn_0                                                                                   |                2 |              9 |         4.50 |
|  dualCore_i/processing_system7_0/inst/FCLK_CLK0 | dualCore_i/vga_controller_0/U0/current_base_addr[24]_i_1_n_0                                                                                                                          | dualCore_i/vga_controller_0/U0/rd_addr_reg[31]_i_1_n_0                                                                                                                       |                2 |              9 |         4.50 |
|  dualCore_i/processing_system7_0/inst/FCLK_CLK0 | dualCore_i/smartconnect_0/inst/switchboards/i_nodes/i_aw_node/inst/inst_si_handler/gen_si_handler.gen_arbiter_rr_minimal_area.inst_arbiter/E[0]                                       |                                                                                                                                                                              |                2 |              9 |         4.50 |
|  dualCore_i/clk_wiz_0/inst/clk_out1             | dualCore_i/vga_controller_0/U0/rd_en2                                                                                                                                                 | dualCore_i/vga_controller_0/U0/h_count[9]_i_1_n_0                                                                                                                            |                3 |              9 |         3.00 |
|  dualCore_i/processing_system7_0/inst/FCLK_CLK0 | dualCore_i/smartconnect_0/inst/s00_entry_pipeline/s00_si_converter/inst/gen_axilite_conv.axilite_conv_inst/w_cnt[8]_i_1_n_0                                                           | dualCore_i/smartconnect_0/inst/s00_entry_pipeline/s00_si_converter/inst/areset                                                                                               |                3 |              9 |         3.00 |
|  dualCore_i/processing_system7_0/inst/FCLK_CLK0 |                                                                                                                                                                                       | dualCore_i/vga_controller_0/U0/fifo/U0/inst_fifo_gen/gconvfifo.rf/grf.rf/rstblk/ngwrdrst.grst.g7serrst.gnsckt_wrst.rst_wr_reg2_inst/arststages_ff[1]                         |                3 |              9 |         3.00 |
|  dualCore_i/processing_system7_0/inst/FCLK_CLK0 | dualCore_i/smartconnect_0/inst/s00_entry_pipeline/s00_si_converter/inst/gen_axilite_conv.axilite_conv_inst/b_cnt[8]_i_2_n_0                                                           | dualCore_i/smartconnect_0/inst/s00_entry_pipeline/s00_si_converter/inst/gen_axilite_conv.axilite_conv_inst/b_cnt[8]_i_1_n_0                                                  |                2 |              9 |         4.50 |
|  dualCore_i/processing_system7_0/inst/FCLK_CLK0 | dualCore_i/smartconnect_0/inst/switchboards/i_nodes/i_ar_node/inst/inst_si_handler/gen_si_handler.gen_arbiter_rr_minimal_area.inst_arbiter/E[0]                                       |                                                                                                                                                                              |                2 |             10 |         5.00 |
|  dualCore_i/clk_wiz_0/inst/clk_out1             | dualCore_i/vga_controller_0/U0/v_count_en                                                                                                                                             | dualCore_i/vga_controller_0/U0/p_1_in[2]                                                                                                                                     |                3 |             10 |         3.33 |
|  dualCore_i/processing_system7_0/inst/FCLK_CLK0 |                                                                                                                                                                                       | dualCore_i/trng_0/U0/trng_v1_0_S00_AXI_inst/axi_awready_i_1_n_0                                                                                                              |                3 |             10 |         3.33 |
|  dualCore_i/clk_wiz_0/inst/clk_out1             |                                                                                                                                                                                       | dualCore_i/vga_controller_0/U0/fifo/U0/inst_fifo_gen/gconvfifo.rf/grf.rf/rstblk/ngwrdrst.grst.g7serrst.gnsckt_wrst.gic_rst.sckt_rd_rst_ic_reg_0                              |                4 |             10 |         2.50 |
|  dualCore_i/processing_system7_0/inst/FCLK_CLK0 |                                                                                                                                                                                       | dualCore_i/vga_controller_0/U0/fifo/U0/inst_fifo_gen/gconvfifo.rf/grf.rf/rstblk/AR[0]                                                                                        |                3 |             11 |         3.67 |
|  dualCore_i/processing_system7_0/inst/FCLK_CLK0 |                                                                                                                                                                                       | dualCore_i/axi_timer_0/U0/AXI4_LITE_I/I_SLAVE_ATTACHMENT/rst                                                                                                                 |                4 |             11 |         2.75 |
|  dualCore_i/clk_wiz_0/inst/clk_out1             | dualCore_i/vga_controller_0/U0/fifo/U0/inst_fifo_gen/gconvfifo.rf/grf.rf/gntv_or_sync_fifo.gl0.rd/gr1.gr1_int.rfwft/E[0]                                                              | dualCore_i/vga_controller_0/U0/fifo/U0/inst_fifo_gen/gconvfifo.rf/grf.rf/rstblk/ngwrdrst.grst.g7serrst.gnsckt_wrst.gic_rst.sckt_rd_rst_ic_reg_0                              |                5 |             12 |         2.40 |
|  dualCore_i/processing_system7_0/inst/FCLK_CLK0 | dualCore_i/smartconnect_0/inst/s00_entry_pipeline/s00_mmu/inst/gen_endpoint.decerr_slave_inst/gen_axi.gen_write.s_axi_bid_i[11]_i_1_n_0                                               | dualCore_i/smartconnect_0/inst/s00_entry_pipeline/s00_mmu/inst/areset                                                                                                        |                3 |             12 |         4.00 |
|  dualCore_i/processing_system7_0/inst/FCLK_CLK0 | dualCore_i/smartconnect_0/inst/s00_entry_pipeline/s00_mmu/inst/ar_reg_stall/gen_axi.gen_read.s_axi_rid_i                                                                              | dualCore_i/smartconnect_0/inst/s00_entry_pipeline/s00_mmu/inst/areset                                                                                                        |                2 |             12 |         6.00 |
|  dualCore_i/processing_system7_0/inst/FCLK_CLK0 | dualCore_i/smartconnect_0/inst/s00_entry_pipeline/s00_transaction_regulator/inst/gen_endpoint.gen_r_singleorder.r_singleorder/gen_id_reg.s_rid_i0                                     |                                                                                                                                                                              |                3 |             12 |         4.00 |
|  dualCore_i/processing_system7_0/inst/FCLK_CLK0 | dualCore_i/smartconnect_0/inst/s00_entry_pipeline/s00_transaction_regulator/inst/gen_endpoint.gen_w_singleorder.w_singleorder/gen_id_reg.s_rid_i0                                     |                                                                                                                                                                              |                3 |             12 |         4.00 |
|  dualCore_i/processing_system7_0/inst/FCLK_CLK0 |                                                                                                                                                                                       | dualCore_i/axi_timer_0/U0/TC_CORE_I/GEN_SECOND_TIMER.COUNTER_1_I/COUNTER_I/s_axi_aresetn_0                                                                                   |                2 |             12 |         6.00 |
|  dualCore_i/processing_system7_0/inst/FCLK_CLK0 | dualCore_i/smartconnect_0/inst/s00_entry_pipeline/s00_si_converter/inst/gen_axilite_conv.axilite_conv_inst/aw_addr[11]_i_1_n_0                                                        | dualCore_i/smartconnect_0/inst/s00_entry_pipeline/s00_si_converter/inst/areset                                                                                               |                3 |             12 |         4.00 |
|  dualCore_i/processing_system7_0/inst/FCLK_CLK0 |                                                                                                                                                                                       | dualCore_i/smartconnect_0/inst/switchboards/i_nodes/i_r_node/inst/inst_si_handler/areset_r                                                                                   |                5 |             15 |         3.00 |
|  dualCore_i/processing_system7_0/inst/FCLK_CLK0 |                                                                                                                                                                                       | dualCore_i/smartconnect_0/inst/switchboards/i_nodes/i_b_node/inst/inst_si_handler/areset_r                                                                                   |                6 |             15 |         2.50 |
|  dualCore_i/processing_system7_0/inst/FCLK_CLK0 |                                                                                                                                                                                       | dualCore_i/smartconnect_0/inst/s00_entry_pipeline/s00_mmu/inst/areset                                                                                                        |               10 |             21 |         2.10 |
|  dualCore_i/processing_system7_0/inst/FCLK_CLK0 |                                                                                                                                                                                       | dualCore_i/axi_gpio_0/U0/AXI_LITE_IPIF_I/I_SLAVE_ATTACHMENT/SR[0]                                                                                                            |               10 |             21 |         2.10 |
|  dualCore_i/processing_system7_0/inst/FCLK_CLK0 |                                                                                                                                                                                       | dualCore_i/smartconnect_0/inst/s00_entry_pipeline/s00_si_converter/inst/areset                                                                                               |               11 |             23 |         2.09 |
|  dualCore_i/processing_system7_0/inst/FCLK_CLK0 | dualCore_i/zed_audio_ctrl_0/U0/USER_LOGIC_I/Inst_iis_deser/rdata_reg0                                                                                                                 | dualCore_i/zed_audio_ctrl_0/U0/USER_LOGIC_I/Inst_iis_deser/ldata_reg                                                                                                         |                4 |             24 |         6.00 |
|  dualCore_i/processing_system7_0/inst/FCLK_CLK0 | dualCore_i/zed_audio_ctrl_0/U0/USER_LOGIC_I/Inst_iis_deser/clk_cntr_reg[4][0]                                                                                                         | dualCore_i/zed_audio_ctrl_0/U0/USER_LOGIC_I/Inst_iis_ser/ldata_reg                                                                                                           |                8 |             24 |         3.00 |
|  dualCore_i/processing_system7_0/inst/FCLK_CLK0 | dualCore_i/zed_audio_ctrl_0/U0/USER_LOGIC_I/Inst_iis_ser/ldata_reg[23]_i_1__0_n_0                                                                                                     | dualCore_i/zed_audio_ctrl_0/U0/USER_LOGIC_I/Inst_iis_ser/ldata_reg                                                                                                           |               10 |             24 |         2.40 |
|  dualCore_i/processing_system7_0/inst/FCLK_CLK0 | dualCore_i/zed_audio_ctrl_0/U0/USER_LOGIC_I/Inst_iis_deser/ldata_reg0                                                                                                                 | dualCore_i/zed_audio_ctrl_0/U0/USER_LOGIC_I/Inst_iis_deser/ldata_reg                                                                                                         |                4 |             24 |         6.00 |
|  dualCore_i/processing_system7_0/inst/FCLK_CLK0 |                                                                                                                                                                                       | dualCore_i/axi_gpio_1/U0/AXI_LITE_IPIF_I/I_SLAVE_ATTACHMENT/SR[0]                                                                                                            |                7 |             25 |         3.57 |
|  dualCore_i/processing_system7_0/inst/FCLK_CLK0 | dualCore_i/smartconnect_0/inst/s00_entry_pipeline/s00_mmu/inst/aw_reg_stall/m_vector_i[1136]_i_1__0_n_0                                                                               |                                                                                                                                                                              |                8 |             27 |         3.38 |
|  dualCore_i/processing_system7_0/inst/FCLK_CLK0 | dualCore_i/processing_system7_0/inst/S_AXI_HP0_ARREADY                                                                                                                                | dualCore_i/vga_controller_0/U0/rd_addr_reg[31]_i_1_n_0                                                                                                                       |                8 |             27 |         3.38 |
|  dualCore_i/processing_system7_0/inst/FCLK_CLK0 | dualCore_i/zed_audio_ctrl_0/U0/AXI_LITE_IPIF_I/I_SLAVE_ATTACHMENT/I_DECODER/E[0]                                                                                                      | dualCore_i/zed_audio_ctrl_0/U0/USER_LOGIC_I/SR[0]                                                                                                                            |                4 |             32 |         8.00 |
|  dualCore_i/processing_system7_0/inst/FCLK_CLK0 | dualCore_i/zed_audio_ctrl_0/U0/AXI_LITE_IPIF_I/I_SLAVE_ATTACHMENT/s_axi_rresp_i                                                                                                       | dualCore_i/zed_audio_ctrl_0/U0/AXI_LITE_IPIF_I/I_SLAVE_ATTACHMENT/rst                                                                                                        |               12 |             32 |         2.67 |
|  dualCore_i/processing_system7_0/inst/FCLK_CLK0 | dualCore_i/smartconnect_0/inst/s00_entry_pipeline/s00_mmu/inst/ar_reg_stall/E[0]                                                                                                      |                                                                                                                                                                              |               10 |             32 |         3.20 |
|  dualCore_i/processing_system7_0/inst/FCLK_CLK0 | dualCore_i/smartconnect_0/inst/s00_entry_pipeline/s00_si_converter/inst/gen_axilite_conv.axilite_conv_inst/s_axi_rdata_i[31]_i_1_n_0                                                  | dualCore_i/smartconnect_0/inst/s00_entry_pipeline/s00_si_converter/inst/areset                                                                                               |                8 |             32 |         4.00 |
|  dualCore_i/processing_system7_0/inst/FCLK_CLK0 | dualCore_i/zed_audio_ctrl_0/U0/AXI_LITE_IPIF_I/I_SLAVE_ATTACHMENT/I_DECODER/GEN_BKEND_CE_REGISTERS[3].ce_out_i_reg[3]_1[0]                                                            | dualCore_i/zed_audio_ctrl_0/U0/USER_LOGIC_I/SR[0]                                                                                                                            |                7 |             32 |         4.57 |
|  dualCore_i/processing_system7_0/inst/FCLK_CLK0 | dualCore_i/trng_0/U0/trng_v1_0_S00_AXI_inst/slv_reg_rden                                                                                                                              | dualCore_i/trng_0/U0/trng_v1_0_S00_AXI_inst/axi_awready_i_1_n_0                                                                                                              |               12 |             32 |         2.67 |
|  dualCore_i/processing_system7_0/inst/FCLK_CLK0 | dualCore_i/axi_timer_0/U0/AXI4_LITE_I/I_SLAVE_ATTACHMENT/s_axi_rresp_i                                                                                                                | dualCore_i/axi_timer_0/U0/AXI4_LITE_I/I_SLAVE_ATTACHMENT/rst                                                                                                                 |               32 |             32 |         1.00 |
|  dualCore_i/processing_system7_0/inst/FCLK_CLK0 | dualCore_i/axi_timer_0/U0/TC_CORE_I/TIMER_CONTROL_I/CE                                                                                                                                | dualCore_i/axi_timer_0/U0/TC_CORE_I/GEN_SECOND_TIMER.COUNTER_1_I/COUNTER_I/s_axi_aresetn_0                                                                                   |               11 |             32 |         2.91 |
|  dualCore_i/processing_system7_0/inst/FCLK_CLK0 | dualCore_i/axi_timer_0/U0/TC_CORE_I/TIMER_CONTROL_I/TCSR0_GENERATE[20].TCSR0_FF_I_1                                                                                                   | dualCore_i/axi_timer_0/U0/TC_CORE_I/GEN_SECOND_TIMER.COUNTER_1_I/COUNTER_I/s_axi_aresetn_0                                                                                   |                5 |             32 |         6.40 |
|  dualCore_i/processing_system7_0/inst/FCLK_CLK0 | dualCore_i/axi_timer_0/U0/TC_CORE_I/TIMER_CONTROL_I/CE_0                                                                                                                              | dualCore_i/axi_timer_0/U0/TC_CORE_I/GEN_SECOND_TIMER.COUNTER_1_I/COUNTER_I/s_axi_aresetn_0                                                                                   |                8 |             32 |         4.00 |
|  dualCore_i/processing_system7_0/inst/FCLK_CLK0 | dualCore_i/axi_timer_0/U0/TC_CORE_I/TIMER_CONTROL_I/generateOutPre0_reg_0                                                                                                             | dualCore_i/axi_timer_0/U0/TC_CORE_I/GEN_SECOND_TIMER.COUNTER_1_I/COUNTER_I/s_axi_aresetn_0                                                                                   |                4 |             32 |         8.00 |
|  dualCore_i/processing_system7_0/inst/FCLK_CLK0 | dualCore_i/smartconnect_0/inst/switchboards/i_nodes/i_r_node/inst/inst_si_handler/gen_si_handler.gen_arbiter_rr_minimal_area.inst_arbiter/s_sc_valid                                  |                                                                                                                                                                              |               20 |             33 |         1.65 |
|  dualCore_i/clk_wiz_0/inst/clk_out1             | dualCore_i/vga_controller_0/U0/fifo/U0/inst_fifo_gen/gconvfifo.rf/grf.rf/gntv_or_sync_fifo.gl0.rd/gr1.gr1_int.rfwft/ram_rd_en                                                         | dualCore_i/vga_controller_0/U0/fifo/U0/inst_fifo_gen/gconvfifo.rf/grf.rf/rstblk/ngwrdrst.grst.g7serrst.gnsckt_wrst.gic_rst.sckt_rd_rst_ic_reg_0                              |                8 |             39 |         4.88 |
|  dualCore_i/processing_system7_0/inst/FCLK_CLK0 | dualCore_i/smartconnect_0/inst/switchboards/i_nodes/i_w_node/inst/inst_mi_handler/gen_normal_area.gen_fi_regulator.inst_fi_regulator/E[0]                                             |                                                                                                                                                                              |               12 |             41 |         3.42 |
|  dualCore_i/processing_system7_0/inst/FCLK_CLK0 | dualCore_i/zed_audio_ctrl_0/U0/USER_LOGIC_I/Inst_iis_deser/E[0]                                                                                                                       |                                                                                                                                                                              |                8 |             48 |         6.00 |
|  dualCore_i/processing_system7_0/inst/FCLK_CLK0 | dualCore_i/vga_controller_0/U0/fifo/U0/inst_fifo_gen/gconvfifo.rf/grf.rf/gntv_or_sync_fifo.gl0.wr/gwas.wsts/E[0]                                                                      | dualCore_i/vga_controller_0/U0/fifo/U0/inst_fifo_gen/gconvfifo.rf/grf.rf/rstblk/AR[0]                                                                                        |                9 |             48 |         5.33 |
|  dualCore_i/clk_wiz_0/inst/clk_out1             |                                                                                                                                                                                       |                                                                                                                                                                              |               27 |             85 |         3.15 |
|  dualCore_i/processing_system7_0/inst/FCLK_CLK0 |                                                                                                                                                                                       |                                                                                                                                                                              |              153 |            446 |         2.92 |
+-------------------------------------------------+---------------------------------------------------------------------------------------------------------------------------------------------------------------------------------------+------------------------------------------------------------------------------------------------------------------------------------------------------------------------------+------------------+----------------+--------------+


